<?xml version="1.0" encoding="utf-8"?><testsuites><testsuite name="pytest" errors="0" failures="0" skipped="0" tests="3" time="0.348" timestamp="2024-03-05T11:43:41.374294" hostname="cb55ee8c8515"><testcase classname="tests.test_prediction" name="test_single_pred_not_none" time="0.010" /><testcase classname="tests.test_prediction" name="test_single_pred_str_type" time="0.008" /><testcase classname="tests.test_prediction" name="test_single_pred_validate" time="0.009" /></testsuite></testsuites>